<?xml version="1.0" encoding="UTF-8"?>
<!-- Generated by org.testng.reporters.JUnitReportReporter -->
<testsuite skipped="0" hostname="DESKTOP-IJVBVF9" name="Com.LoginTest.Test_001" tests="2" failures="0" timestamp="2022-07-24T23:58:16 IST" time="26.069" errors="0">
  <testcase name="verifyLoginpage" time="5.421" classname="Com.LoginTest.Test_001"/>
  <system-out/>
  <testcase name="verifyLoginpage" time="20.648" classname="Com.LoginTest.Test_001"/>
  <system-out/>
</testsuite> <!-- Com.LoginTest.Test_001 -->
